#
# There is insufficient memory for the Java Runtime Environment to continue.
# Native memory allocation (mmap) failed to map 134217728 bytes for Failed to commit area from 0x0000000081400000 to 0x0000000089400000 of length 134217728.
# Possible reasons:
#   The system is out of physical RAM or swap space
#   The process is running with CompressedOops enabled, and the Java Heap may be blocking the growth of the native heap
# Possible solutions:
#   Reduce memory load on the system
#   Increase physical memory or swap space
#   Check if swap backing store is full
#   Decrease Java heap size (-Xmx/-Xms)
#   Decrease number of Java threads
#   Decrease Java thread stack sizes (-Xss)
#   Set larger code cache with -XX:ReservedCodeCacheSize=
# This output file may be truncated or incomplete.
#
#  Out of Memory Error (./src/hotspot/os/windows/os_windows.cpp:3301), pid=18608, tid=7676
#
# JRE version:  (11.0.10+8) (build )
# Java VM: OpenJDK 64-Bit Server VM (11.0.10+8-b1145.96, mixed mode, sharing, tiered, compressed oops, g1 gc, windows-amd64)
# No core dump will be written. Minidumps are not enabled by default on client versions of Windows
#

---------------  S U M M A R Y ------------

Command Line: org.jetbrains.git4idea.http.GitAskPassApp Username for 'https://github.cs.adelaide.edu.au': 

Host: Intel(R) Core(TM) i7-7660U CPU @ 2.50GHz, 4 cores, 7G,  Windows 10 , 64 bit Build 19041 (10.0.19041.928)
Time: Sun Jun  6 19:37:34 2021 Cen. Australia Standard Time elapsed time: 0.012398 seconds (0d 0h 0m 0s)

---------------  T H R E A D  ---------------

Current thread (0x000002057de9e000):  JavaThread "Unknown thread" [_thread_in_vm, id=7676, stack(0x000000bdb6e00000,0x000000bdb6f00000)]

Stack: [0x000000bdb6e00000,0x000000bdb6f00000]
Native frames: (J=compiled Java code, j=interpreted, Vv=VM code, C=native code)
V  [jvm.dll+0x5ece6a]
V  [jvm.dll+0x722cd5]
V  [jvm.dll+0x72422d]
V  [jvm.dll+0x7248e3]
V  [jvm.dll+0x2428d8]
V  [jvm.dll+0x5ea244]
V  [jvm.dll+0x5df2e5]
V  [jvm.dll+0x2fdddb]
V  [jvm.dll+0x2fdd4a]
V  [jvm.dll+0x2fdc22]
V  [jvm.dll+0x302b06]
V  [jvm.dll+0x34b033]
V  [jvm.dll+0x34b736]
V  [jvm.dll+0x34b133]
V  [jvm.dll+0x2d87d8]
V  [jvm.dll+0x2d9987]
V  [jvm.dll+0x701817]
V  [jvm.dll+0x70300c]
V  [jvm.dll+0x3585a9]
V  [jvm.dll+0x6e516e]
V  [jvm.dll+0x3c09e3]
V  [jvm.dll+0x3c2c71]
C  [jli.dll+0x5373]
C  [ucrtbase.dll+0x21bb2]
C  [KERNEL32.DLL+0x17034]
C  [ntdll.dll+0x52651]


---------------  P R O C E S S  ---------------

Threads class SMR info:
_java_thread_list=0x000002057c553080, length=0, elements={
}

Java Threads: ( => current thread )

Other Threads:
  0x000002057deb6000 GCTaskThread "GC Thread#0" [stack: 0x000000bdb6f00000,0x000000bdb7000000] [id=16348]
  0x000002057dee9000 ConcurrentGCThread "G1 Main Marker" [stack: 0x000000bdb7000000,0x000000bdb7100000] [id=12112]
  0x000002057deeb800 ConcurrentGCThread "G1 Conc#0" [stack: 0x000000bdb7100000,0x000000bdb7200000] [id=8068]

[error occurred during error reporting (printing all threads), id 0xc0000005, EXCEPTION_ACCESS_VIOLATION (0xc0000005) at pc=0x00007ffb93388db7]

VM state:not at safepoint (not fully initialized)

VM Mutex/Monitor currently owned by a thread:  ([mutex/lock_event])
[0x000002057de9a090] Heap_lock - owner thread: 0x000002057de9e000

Heap address: 0x0000000081400000, size: 2028 MB, Compressed Oops mode: Non-zero based: 0x0000000081400000
Narrow klass base: 0x0000000000000000, Narrow klass shift: 0

GC Heap History (0 events):
No events

Deoptimization events (0 events):
No events

Classes redefined (0 events):
No events

Internal exceptions (0 events):
No events

Events (1 events):
Event: 0.008 Loaded shared library C:\Users\Borna\AppData\Local\JetBrains\Toolbox\apps\RubyMine\ch-0\203.7717.69\jbr\bin\zip.dll


Dynamic libraries:
0x00007ff681bc0000 - 0x00007ff681bca000 	C:\Users\Borna\AppData\Local\JetBrains\Toolbox\apps\RubyMine\ch-0\203.7717.69\jbr\bin\java.exe
0x00007ffbdac10000 - 0x00007ffbdae05000 	C:\WINDOWS\SYSTEM32\ntdll.dll
0x00007ffbda9d0000 - 0x00007ffbdaa8d000 	C:\WINDOWS\System32\KERNEL32.DLL
0x00007ffbd8440000 - 0x00007ffbd8708000 	C:\WINDOWS\System32\KERNELBASE.dll
0x00007ffbd8710000 - 0x00007ffbd8810000 	C:\WINDOWS\System32\ucrtbase.dll
0x00007ffbbe530000 - 0x00007ffbbe547000 	C:\Users\Borna\AppData\Local\JetBrains\Toolbox\apps\RubyMine\ch-0\203.7717.69\jbr\bin\VCRUNTIME140.dll
0x00007ffbbd370000 - 0x00007ffbbd389000 	C:\Users\Borna\AppData\Local\JetBrains\Toolbox\apps\RubyMine\ch-0\203.7717.69\jbr\bin\jli.dll
0x00007ffbda300000 - 0x00007ffbda4a0000 	C:\WINDOWS\System32\USER32.dll
0x00007ffbc2ef0000 - 0x00007ffbc318a000 	C:\WINDOWS\WinSxS\amd64_microsoft.windows.common-controls_6595b64144ccf1df_6.0.19041.844_none_ca00b6081b84eb1d\COMCTL32.dll
0x00007ffbd8a30000 - 0x00007ffbd8a52000 	C:\WINDOWS\System32\win32u.dll
0x00007ffbda8f0000 - 0x00007ffbda91a000 	C:\WINDOWS\System32\GDI32.dll
0x00007ffbda920000 - 0x00007ffbda9be000 	C:\WINDOWS\System32\msvcrt.dll
0x00007ffbd8810000 - 0x00007ffbd891b000 	C:\WINDOWS\System32\gdi32full.dll
0x00007ffbd8350000 - 0x00007ffbd83ed000 	C:\WINDOWS\System32\msvcp_win.dll
0x00007ffbd9b70000 - 0x00007ffbd9ba0000 	C:\WINDOWS\System32\IMM32.DLL
0x00007ffbb5960000 - 0x00007ffbb59fd000 	C:\Users\Borna\AppData\Local\JetBrains\Toolbox\apps\RubyMine\ch-0\203.7717.69\jbr\bin\msvcp140.dll
0x00007ffb930a0000 - 0x00007ffb93b70000 	C:\Users\Borna\AppData\Local\JetBrains\Toolbox\apps\RubyMine\ch-0\203.7717.69\jbr\bin\server\jvm.dll
0x00007ffbda840000 - 0x00007ffbda8ec000 	C:\WINDOWS\System32\ADVAPI32.dll
0x00007ffbda260000 - 0x00007ffbda2fb000 	C:\WINDOWS\System32\sechost.dll
0x00007ffbda5c0000 - 0x00007ffbda6eb000 	C:\WINDOWS\System32\RPCRT4.dll
0x00007ffbdabc0000 - 0x00007ffbdabc8000 	C:\WINDOWS\System32\PSAPI.DLL
0x00007ffbd1570000 - 0x00007ffbd1579000 	C:\WINDOWS\SYSTEM32\WSOCK32.dll
0x00007ffbda6f0000 - 0x00007ffbda75b000 	C:\WINDOWS\System32\WS2_32.dll
0x00007ffbc6120000 - 0x00007ffbc6147000 	C:\WINDOWS\SYSTEM32\WINMM.dll
0x00007ffbbeb30000 - 0x00007ffbbeb3a000 	C:\WINDOWS\SYSTEM32\VERSION.dll
0x00007ffbd6270000 - 0x00007ffbd6282000 	C:\WINDOWS\SYSTEM32\kernel.appcore.dll
0x00007ffbc5260000 - 0x00007ffbc5271000 	C:\Users\Borna\AppData\Local\JetBrains\Toolbox\apps\RubyMine\ch-0\203.7717.69\jbr\bin\verify.dll
0x00007ffbcf820000 - 0x00007ffbcfa04000 	C:\WINDOWS\SYSTEM32\DBGHELP.DLL
0x00007ffbb8ad0000 - 0x00007ffbb8afc000 	C:\WINDOWS\SYSTEM32\dbgcore.DLL
0x00007ffbd8980000 - 0x00007ffbd8a00000 	C:\WINDOWS\System32\bcryptPrimitives.dll
0x00007ffbc2930000 - 0x00007ffbc2959000 	C:\Users\Borna\AppData\Local\JetBrains\Toolbox\apps\RubyMine\ch-0\203.7717.69\jbr\bin\java.dll
0x00007ffbc5630000 - 0x00007ffbc563b000 	C:\Users\Borna\AppData\Local\JetBrains\Toolbox\apps\RubyMine\ch-0\203.7717.69\jbr\bin\jimage.dll
0x00007ffbc38a0000 - 0x00007ffbc38b8000 	C:\Users\Borna\AppData\Local\JetBrains\Toolbox\apps\RubyMine\ch-0\203.7717.69\jbr\bin\zip.dll

dbghelp: loaded successfully - version: 4.0.5 - missing functions: none
symbol engine: initialized successfully - sym options: 0x614 - pdb path: .;C:\Users\Borna\AppData\Local\JetBrains\Toolbox\apps\RubyMine\ch-0\203.7717.69\jbr\bin;C:\WINDOWS\SYSTEM32;C:\WINDOWS\WinSxS\amd64_microsoft.windows.common-controls_6595b64144ccf1df_6.0.19041.844_none_ca00b6081b84eb1d;C:\Users\Borna\AppData\Local\JetBrains\Toolbox\apps\RubyMine\ch-0\203.7717.69\jbr\bin\server

VM Arguments:
java_command: org.jetbrains.git4idea.http.GitAskPassApp Username for 'https://github.cs.adelaide.edu.au': 
java_class_path (initial): C:/Users/Borna/AppData/Local/JetBrains/Toolbox/apps/RubyMine/ch-0/203.7717.69/plugins/git4idea/lib/git4idea-rt.jar;C:/Users/Borna/AppData/Local/JetBrains/Toolbox/apps/RubyMine/ch-0/203.7717.69/lib/xmlrpc-2.0.1.jar;C:/Users/Borna/AppData/Local/JetBrains/Toolbox/apps/RubyMine/ch-0/203.7717.69/lib/commons-codec-1.14.jar
Launcher Type: SUN_STANDARD

[Global flags]
     intx CICompilerCount                          = 3                                         {product} {ergonomic}
     uint ConcGCThreads                            = 1                                         {product} {ergonomic}
     uint G1ConcRefinementThreads                  = 4                                         {product} {ergonomic}
   size_t G1HeapRegionSize                         = 1048576                                   {product} {ergonomic}
    uintx GCDrainStackTargetSize                   = 64                                        {product} {ergonomic}
   size_t InitialHeapSize                          = 134217728                                 {product} {ergonomic}
   size_t MarkStackSize                            = 4194304                                   {product} {ergonomic}
   size_t MaxHeapSize                              = 2126512128                                {product} {ergonomic}
   size_t MinHeapDeltaBytes                        = 1048576                                   {product} {ergonomic}
    uintx NonNMethodCodeHeapSize                   = 5830732                                {pd product} {ergonomic}
    uintx NonProfiledCodeHeapSize                  = 122913754                              {pd product} {ergonomic}
    uintx ProfiledCodeHeapSize                     = 122913754                              {pd product} {ergonomic}
    uintx ReservedCodeCacheSize                    = 251658240                              {pd product} {ergonomic}
     bool SegmentedCodeCache                       = true                                      {product} {ergonomic}
     bool UseCompressedClassPointers               = true                                 {lp64_product} {ergonomic}
     bool UseCompressedOops                        = true                                 {lp64_product} {ergonomic}
     bool UseG1GC                                  = true                                      {product} {ergonomic}
     bool UseLargePagesIndividualAllocation        = false                                  {pd product} {ergonomic}

Logging:
Log output configuration:
 #0: stdout all=warning uptime,level,tags
 #1: stderr all=off uptime,level,tags

Environment Variables:
PATH=C:/Program Files/Git/mingw64/libexec/git-core;C:/Program Files/Git/mingw64/libexec/git-core;C:\Program Files\Git\mingw64\bin;C:\Program Files\Git\usr\bin;C:\Users\Borna\bin;C:\WINDOWS\system32;C:\WINDOWS;C:\WINDOWS\System32\Wbem;C:\WINDOWS\System32\WindowsPowerShell\v1.0\;C:\Program Files\MATLAB\R2018b\bin;C:\WINDOWS\System32\OpenSSH\;C:\Program Files\Git\cmd;C:\Program Files\Git\mingw64\bin;C:\Program Files\Git\usr\bin;C:\Program Files\nodejs\;C:\Ruby26-x64\bin;C:\RailsInstaller\Git\cmd;C:\Ruby27-x64\bin;C:\RailsInstaller\Ruby2.3.3\bin;C:\Users\Borna\AppData\Local\Microsoft\WindowsApps;C:\Users\Borna\AppData\Local\Programs\Microsoft VS Code\bin;C:\Users\Borna\AppData\Local\atom\bin;C:\Users\Borna\AppData\Local\Microsoft\WindowsApps;C:\Users\Borna\AppData\Roaming\npm;C:\ProgramData\Borna\GitHubDesktop\bin;C:\Program Files\heroku\bin;C:\Users\Borna\AppData\Local\GitHubDesktop\bin
USERNAME=Borna
DISPLAY=:0.0
LC_ALL=en_US.UTF-8
OS=Windows_NT
PROCESSOR_IDENTIFIER=Intel64 Family 6 Model 142 Stepping 9, GenuineIntel



---------------  S Y S T E M  ---------------

OS: Windows 10 , 64 bit Build 19041 (10.0.19041.928)
OS uptime: 33 days 7:11 hours

CPU:total 4 (initial active 4) (2 cores per cpu, 2 threads per core) family 6 model 142 stepping 9 microcode 0xde, cmov, cx8, fxsr, mmx, sse, sse2, sse3, ssse3, sse4.1, sse4.2, popcnt, avx, avx2, aes, clmul, erms, rtm, 3dnowpref, lzcnt, ht, tsc, tscinvbit, bmi1, bmi2, adx, fma

Memory: 4k page, system-wide physical 8109M (1307M free)
TotalPageFile size 32685M (AvailPageFile size 129M)
current process WorkingSet (physical memory assigned to process): 9M, peak: 9M
current process commit charge ("private bytes"): 51M, peak: 179M

vm_info: OpenJDK 64-Bit Server VM (11.0.10+8-b1145.96) for windows-amd64 JRE (11.0.10+8-b1145.96), built on Feb 18 2021 01:38:16 by "" with MS VC++ 14.0 (VS2015)

END.
